{"uuid":"2f2372dc-977c-4eaa-b85f-7fd2770dd683","historyId":"17a5e73d744afc2fbd6041ba57076b27","fullName":"test_HRM_anhtester.testcases.TheCouncilTest.addNewProject","labels":[{"name":"package","value":"test_HRM_anhtester.testcases.TheCouncilTest"},{"name":"testClass","value":"test_HRM_anhtester.testcases.TheCouncilTest"},{"name":"testMethod","value":"addNewProject"},{"name":"parentSuite","value":"Default Suite"},{"name":"suite","value":"Automation_SKHCN"},{"name":"subSuite","value":"test_HRM_anhtester.testcases.TheCouncilTest"},{"name":"host","value":"DESKTOP-MCPUOUH"},{"name":"thread","value":"15276@DESKTOP-MCPUOUH.main(1)"},{"name":"framework","value":"testng"},{"name":"language","value":"java"}],"links":[],"name":"addNewProject","status":"broken","statusDetails":{"known":false,"muted":false,"flaky":false,"message":"stale element reference: stale element not found\n  (Session info: chrome=120.0.6099.199)\nFor documentation on this error, please visit: https://www.selenium.dev/documentation/webdriver/troubleshooting/errors#stale-element-reference-exception\nBuild info: version: '4.16.1', revision: '9b4c83354e'\nSystem info: os.name: 'Windows 10', os.arch: 'amd64', os.version: '10.0', java.version: '21.0.1'\nDriver info: org.openqa.selenium.chrome.ChromeDriver\nCommand: [fe9876389117ad2904a141041a5341c9, clickElement {id=67874992300B0DFAC8A522035EF6F685_element_133}]\nCapabilities {acceptInsecureCerts: false, browserName: chrome, browserVersion: 120.0.6099.199, chrome: {chromedriverVersion: 120.0.6099.109 (3419140ab66..., userDataDir: C:\\Users\\TIENNG~1\\AppData\\L...}, fedcm:accounts: true, goog:chromeOptions: {debuggerAddress: localhost:58316}, networkConnectionEnabled: false, pageLoadStrategy: normal, platformName: windows, proxy: Proxy(), se:cdp: ws://localhost:58316/devtoo..., se:cdpVersion: 120.0.6099.199, setWindowRect: true, strictFileInteractability: false, timeouts: {implicit: 0, pageLoad: 300000, script: 30000}, unhandledPromptBehavior: dismiss and notify, webauthn:extension:credBlob: true, webauthn:extension:largeBlob: true, webauthn:extension:minPinLength: true, webauthn:extension:prf: true, webauthn:virtualAuthenticators: true}\nElement: [[ChromeDriver: chrome on windows (fe9876389117ad2904a141041a5341c9)] -> xpath: //span[contains(text(),'nhuphan@meu-solutions.com')]]\nSession ID: fe9876389117ad2904a141041a5341c9","trace":"org.openqa.selenium.StaleElementReferenceException: stale element reference: stale element not found\n  (Session info: chrome=120.0.6099.199)\nFor documentation on this error, please visit: https://www.selenium.dev/documentation/webdriver/troubleshooting/errors#stale-element-reference-exception\nBuild info: version: '4.16.1', revision: '9b4c83354e'\nSystem info: os.name: 'Windows 10', os.arch: 'amd64', os.version: '10.0', java.version: '21.0.1'\nDriver info: org.openqa.selenium.chrome.ChromeDriver\nCommand: [fe9876389117ad2904a141041a5341c9, clickElement {id=67874992300B0DFAC8A522035EF6F685_element_133}]\nCapabilities {acceptInsecureCerts: false, browserName: chrome, browserVersion: 120.0.6099.199, chrome: {chromedriverVersion: 120.0.6099.109 (3419140ab66..., userDataDir: C:\\Users\\TIENNG~1\\AppData\\L...}, fedcm:accounts: true, goog:chromeOptions: {debuggerAddress: localhost:58316}, networkConnectionEnabled: false, pageLoadStrategy: normal, platformName: windows, proxy: Proxy(), se:cdp: ws://localhost:58316/devtoo..., se:cdpVersion: 120.0.6099.199, setWindowRect: true, strictFileInteractability: false, timeouts: {implicit: 0, pageLoad: 300000, script: 30000}, unhandledPromptBehavior: dismiss and notify, webauthn:extension:credBlob: true, webauthn:extension:largeBlob: true, webauthn:extension:minPinLength: true, webauthn:extension:prf: true, webauthn:virtualAuthenticators: true}\nElement: [[ChromeDriver: chrome on windows (fe9876389117ad2904a141041a5341c9)] -> xpath: //span[contains(text(),'nhuphan@meu-solutions.com')]]\nSession ID: fe9876389117ad2904a141041a5341c9\r\n\tat java.base/jdk.internal.reflect.DirectConstructorHandleAccessor.newInstance(DirectConstructorHandleAccessor.java:62)\r\n\tat java.base/java.lang.reflect.Constructor.newInstanceWithCaller(Constructor.java:502)\r\n\tat java.base/java.lang.reflect.Constructor.newInstance(Constructor.java:486)\r\n\tat org.openqa.selenium.remote.codec.w3c.W3CHttpResponseCodec.createException(W3CHttpResponseCodec.java:200)\r\n\tat org.openqa.selenium.remote.codec.w3c.W3CHttpResponseCodec.decode(W3CHttpResponseCodec.java:133)\r\n\tat org.openqa.selenium.remote.codec.w3c.W3CHttpResponseCodec.decode(W3CHttpResponseCodec.java:52)\r\n\tat org.openqa.selenium.remote.HttpCommandExecutor.execute(HttpCommandExecutor.java:191)\r\n\tat org.openqa.selenium.remote.service.DriverCommandExecutor.invokeExecute(DriverCommandExecutor.java:200)\r\n\tat org.openqa.selenium.remote.service.DriverCommandExecutor.execute(DriverCommandExecutor.java:175)\r\n\tat org.openqa.selenium.remote.RemoteWebDriver.execute(RemoteWebDriver.java:523)\r\n\tat org.openqa.selenium.remote.RemoteWebElement.execute(RemoteWebElement.java:224)\r\n\tat org.openqa.selenium.remote.RemoteWebElement.click(RemoteWebElement.java:77)\r\n\tat main_HRM_anhtester.utils.KeyWork.clickElement(KeyWork.java:173)\r\n\tat test_HRM_anhtester.pages.TheCouncilPage.addNewCouncil(TheCouncilPage.java:32)\r\n\tat test_HRM_anhtester.testcases.TheCouncilTest.addNewProject(TheCouncilTest.java:14)\r\n\tat java.base/jdk.internal.reflect.DirectMethodHandleAccessor.invoke(DirectMethodHandleAccessor.java:103)\r\n\tat java.base/java.lang.reflect.Method.invoke(Method.java:580)\r\n\tat org.testng.internal.MethodInvocationHelper.invokeMethod(MethodInvocationHelper.java:133)\r\n\tat org.testng.internal.TestInvoker.invokeMethod(TestInvoker.java:598)\r\n\tat org.testng.internal.TestInvoker.invokeTestMethod(TestInvoker.java:173)\r\n\tat org.testng.internal.MethodRunner.runInSequence(MethodRunner.java:46)\r\n\tat org.testng.internal.TestInvoker$MethodInvocationAgent.invoke(TestInvoker.java:824)\r\n\tat org.testng.internal.TestInvoker.invokeTestMethods(TestInvoker.java:146)\r\n\tat org.testng.internal.TestMethodWorker.invokeTestMethods(TestMethodWorker.java:146)\r\n\tat org.testng.internal.TestMethodWorker.run(TestMethodWorker.java:128)\r\n\tat java.base/java.util.ArrayList.forEach(ArrayList.java:1596)\r\n\tat org.testng.TestRunner.privateRun(TestRunner.java:794)\r\n\tat org.testng.TestRunner.run(TestRunner.java:596)\r\n\tat org.testng.SuiteRunner.runTest(SuiteRunner.java:377)\r\n\tat org.testng.SuiteRunner.runSequentially(SuiteRunner.java:371)\r\n\tat org.testng.SuiteRunner.privateRun(SuiteRunner.java:332)\r\n\tat org.testng.SuiteRunner.run(SuiteRunner.java:276)\r\n\tat org.testng.SuiteRunnerWorker.runSuite(SuiteRunnerWorker.java:53)\r\n\tat org.testng.SuiteRunnerWorker.run(SuiteRunnerWorker.java:96)\r\n\tat org.testng.TestNG.runSuitesSequentially(TestNG.java:1212)\r\n\tat org.testng.TestNG.runSuitesLocally(TestNG.java:1134)\r\n\tat org.testng.TestNG.runSuites(TestNG.java:1063)\r\n\tat org.testng.TestNG.run(TestNG.java:1031)\r\n\tat com.intellij.rt.testng.IDEARemoteTestNG.run(IDEARemoteTestNG.java:66)\r\n\tat com.intellij.rt.testng.RemoteTestNGStarter.main(RemoteTestNGStarter.java:105)\r\n"},"stage":"finished","steps":[{"name":"Open URL: https://skhcn.erp.meu-solutions.com/","status":"passed","stage":"finished","steps":[],"attachments":[{"name":"Open: https://skhcn.erp.meu-solutions.com/","source":"c686af59-c793-4659-8ffe-ef5e0fe4ccab-attachment","type":"text/plain"}],"parameters":[{"name":"URL","value":"https://skhcn.erp.meu-solutions.com/"}],"start":1704711139643,"stop":1704711144201},{"name":"Set text admin@meu-solutions.com on By.xpath: //input[@placeholder='Nhập email'].","status":"passed","stage":"finished","steps":[],"attachments":[{"name":"Set Text: admin@meu-solutions.com on the element By.xpath: //input[@placeholder='Nhập email']","source":"5354db9b-6338-4aa5-bbc5-3e0382c7b54f-attachment","type":"text/plain"}],"parameters":[{"name":"by","value":"By.xpath: //input[@placeholder='Nhập email']"},{"name":"value","value":"admin@meu-solutions.com"}],"start":1704711144203,"stop":1704711156397},{"name":"Set text 123456 on By.xpath: //input[@placeholder='Nhập mật khẩu'].","status":"passed","stage":"finished","steps":[],"attachments":[{"name":"Set Text: 123456 on the element By.xpath: //input[@placeholder='Nhập mật khẩu']","source":"eb8f3a32-851e-40d6-bc10-5c47d93f683c-attachment","type":"text/plain"}],"parameters":[{"name":"by","value":"By.xpath: //input[@placeholder='Nhập mật khẩu']"},{"name":"value","value":"123456"}],"start":1704711156397,"stop":1704711156539},{"name":"Click element: By.xpath: //button[contains(text(),'Đăng nhập')]","status":"passed","stage":"finished","steps":[],"attachments":[{"name":"Click on the element: By.xpath: //button[contains(text(),'Đăng nhập')]","source":"6aced207-8408-4e2c-9216-9ddc4778f61a-attachment","type":"text/plain"}],"parameters":[{"name":"by","value":"By.xpath: //button[contains(text(),'Đăng nhập')]"}],"start":1704711156539,"stop":1704711157181},{"name":"Get text of By.xpath: //span[contains(text(),'QUẢN LÝ NHIỆM VỤ')] equal comparison with QUẢN LÝ NHIỆM VỤ.","status":"passed","stage":"finished","steps":[],"attachments":[{"name":"ACTUAL RESULT: Text of the element is: QUẢN LÝ NHIỆM VỤ","source":"733b0eaf-1f3d-45ed-8626-eddf64c59370-attachment","type":"text/plain"},{"name":"EXPECTED RESULT Text is: QUẢN LÝ NHIỆM VỤ","source":"cb719f4c-0907-4af4-bf2d-db403d126063-attachment","type":"text/plain"}],"parameters":[{"name":"by","value":"By.xpath: //span[contains(text(),'QUẢN LÝ NHIỆM VỤ')]"},{"name":"textValue","value":"QUẢN LÝ NHIỆM VỤ"},{"name":"message","value":"Đăng nhập không thành công"}],"start":1704711157181,"stop":1704711159640},{"name":"Click element: By.xpath: //a[@href='/workflow/councillist']","status":"passed","stage":"finished","steps":[],"attachments":[{"name":"Click on the element: By.xpath: //a[@href='/workflow/councillist']","source":"4ce30b5a-831d-43d5-b564-2750ea287046-attachment","type":"text/plain"}],"parameters":[{"name":"by","value":"By.xpath: //a[@href='/workflow/councillist']"}],"start":1704711159721,"stop":1704711160170},{"name":"Click element: By.xpath: //button[normalize-space()='+ Thêm']","status":"passed","stage":"finished","steps":[],"attachments":[{"name":"Click on the element: By.xpath: //button[normalize-space()='+ Thêm']","source":"8a813d6d-e42b-4104-b57c-01967eed12a8-attachment","type":"text/plain"}],"parameters":[{"name":"by","value":"By.xpath: //button[normalize-space()='+ Thêm']"}],"start":1704711160170,"stop":1704711160809},{"name":"Click element: By.xpath: //button[contains(text(),'Hội đồng giám định')]","status":"passed","stage":"finished","steps":[],"attachments":[{"name":"Click on the element: By.xpath: //button[contains(text(),'Hội đồng giám định')]","source":"512b8321-481b-4b47-a9d9-1430d7f51082-attachment","type":"text/plain"}],"parameters":[{"name":"by","value":"By.xpath: //button[contains(text(),'Hội đồng giám định')]"}],"start":1704711160809,"stop":1704711161056},{"name":"Set text KHCN2024010469 - Test tạo hội đồng giám định on By.xpath: //input[@placeholder='Nhập tên hội đồng'].","status":"passed","stage":"finished","steps":[],"attachments":[{"name":"Set Text: KHCN2024010469 - Test tạo hội đồng giám định on the element By.xpath: //input[@placeholder='Nhập tên hội đồng']","source":"6f2e9fc9-5e69-47ed-8525-6848d13fa106-attachment","type":"text/plain"}],"parameters":[{"name":"by","value":"By.xpath: //input[@placeholder='Nhập tên hội đồng']"},{"name":"value","value":"KHCN2024010469 - Test tạo hội đồng giám định"}],"start":1704711161057,"stop":1704711161349},{"name":"Set text Đây là mô tả chi tiết về dự án này on By.xpath: //textarea[@placeholder='Nhập mô tả hội đồng'].","status":"passed","stage":"finished","steps":[],"attachments":[{"name":"Set Text: Đây là mô tả chi tiết về dự án này on the element By.xpath: //textarea[@placeholder='Nhập mô tả hội đồng']","source":"a5e81799-fb7c-4ddf-be2a-3e38c92de5c5-attachment","type":"text/plain"}],"parameters":[{"name":"by","value":"By.xpath: //textarea[@placeholder='Nhập mô tả hội đồng']"},{"name":"value","value":"Đây là mô tả chi tiết về dự án này"}],"start":1704711161349,"stop":1704711161610},{"name":"Click element: By.xpath: (//mat-select[@id='matSelectLoadmore'])[2]","status":"passed","stage":"finished","steps":[],"attachments":[{"name":"Click on the element: By.xpath: (//mat-select[@id='matSelectLoadmore'])[2]","source":"b61801de-a70f-44a2-affa-033e5488d8e8-attachment","type":"text/plain"}],"parameters":[{"name":"by","value":"By.xpath: (//mat-select[@id='matSelectLoadmore'])[2]"}],"start":1704711161610,"stop":1704711161785},{"name":"Set text nhuphan@meu-solutions.com on By.xpath: //div[1]/mat-option[1]/span[1]/ngx-mat-select-search[1]/div[1]/input[1].","status":"passed","stage":"finished","steps":[],"attachments":[{"name":"Set Text: nhuphan@meu-solutions.com on the element By.xpath: //div[1]/mat-option[1]/span[1]/ngx-mat-select-search[1]/div[1]/input[1]","source":"b84a8aca-fb61-480a-bf5f-eeda3f302591-attachment","type":"text/plain"}],"parameters":[{"name":"by","value":"By.xpath: //div[1]/mat-option[1]/span[1]/ngx-mat-select-search[1]/div[1]/input[1]"},{"name":"value","value":"nhuphan@meu-solutions.com"}],"start":1704711161786,"stop":1704711162149},{"name":"Click element: By.xpath: //span[contains(text(),'nhuphan@meu-solutions.com')]","status":"broken","statusDetails":{"known":false,"muted":false,"flaky":false,"message":"stale element reference: stale element not found\n  (Session info: chrome=120.0.6099.199)\nFor documentation on this error, please visit: https://www.selenium.dev/documentation/webdriver/troubleshooting/errors#stale-element-reference-exception\nBuild info: version: '4.16.1', revision: '9b4c83354e'\nSystem info: os.name: 'Windows 10', os.arch: 'amd64', os.version: '10.0', java.version: '21.0.1'\nDriver info: org.openqa.selenium.chrome.ChromeDriver\nCommand: [fe9876389117ad2904a141041a5341c9, clickElement {id=67874992300B0DFAC8A522035EF6F685_element_133}]\nCapabilities {acceptInsecureCerts: false, browserName: chrome, browserVersion: 120.0.6099.199, chrome: {chromedriverVersion: 120.0.6099.109 (3419140ab66..., userDataDir: C:\\Users\\TIENNG~1\\AppData\\L...}, fedcm:accounts: true, goog:chromeOptions: {debuggerAddress: localhost:58316}, networkConnectionEnabled: false, pageLoadStrategy: normal, platformName: windows, proxy: Proxy(), se:cdp: ws://localhost:58316/devtoo..., se:cdpVersion: 120.0.6099.199, setWindowRect: true, strictFileInteractability: false, timeouts: {implicit: 0, pageLoad: 300000, script: 30000}, unhandledPromptBehavior: dismiss and notify, webauthn:extension:credBlob: true, webauthn:extension:largeBlob: true, webauthn:extension:minPinLength: true, webauthn:extension:prf: true, webauthn:virtualAuthenticators: true}\nElement: [[ChromeDriver: chrome on windows (fe9876389117ad2904a141041a5341c9)] -> xpath: //span[contains(text(),'nhuphan@meu-solutions.com')]]\nSession ID: fe9876389117ad2904a141041a5341c9","trace":"org.openqa.selenium.StaleElementReferenceException: stale element reference: stale element not found\n  (Session info: chrome=120.0.6099.199)\nFor documentation on this error, please visit: https://www.selenium.dev/documentation/webdriver/troubleshooting/errors#stale-element-reference-exception\nBuild info: version: '4.16.1', revision: '9b4c83354e'\nSystem info: os.name: 'Windows 10', os.arch: 'amd64', os.version: '10.0', java.version: '21.0.1'\nDriver info: org.openqa.selenium.chrome.ChromeDriver\nCommand: [fe9876389117ad2904a141041a5341c9, clickElement {id=67874992300B0DFAC8A522035EF6F685_element_133}]\nCapabilities {acceptInsecureCerts: false, browserName: chrome, browserVersion: 120.0.6099.199, chrome: {chromedriverVersion: 120.0.6099.109 (3419140ab66..., userDataDir: C:\\Users\\TIENNG~1\\AppData\\L...}, fedcm:accounts: true, goog:chromeOptions: {debuggerAddress: localhost:58316}, networkConnectionEnabled: false, pageLoadStrategy: normal, platformName: windows, proxy: Proxy(), se:cdp: ws://localhost:58316/devtoo..., se:cdpVersion: 120.0.6099.199, setWindowRect: true, strictFileInteractability: false, timeouts: {implicit: 0, pageLoad: 300000, script: 30000}, unhandledPromptBehavior: dismiss and notify, webauthn:extension:credBlob: true, webauthn:extension:largeBlob: true, webauthn:extension:minPinLength: true, webauthn:extension:prf: true, webauthn:virtualAuthenticators: true}\nElement: [[ChromeDriver: chrome on windows (fe9876389117ad2904a141041a5341c9)] -> xpath: //span[contains(text(),'nhuphan@meu-solutions.com')]]\nSession ID: fe9876389117ad2904a141041a5341c9\r\n\tat java.base/jdk.internal.reflect.DirectConstructorHandleAccessor.newInstance(DirectConstructorHandleAccessor.java:62)\r\n\tat java.base/java.lang.reflect.Constructor.newInstanceWithCaller(Constructor.java:502)\r\n\tat java.base/java.lang.reflect.Constructor.newInstance(Constructor.java:486)\r\n\tat org.openqa.selenium.remote.codec.w3c.W3CHttpResponseCodec.createException(W3CHttpResponseCodec.java:200)\r\n\tat org.openqa.selenium.remote.codec.w3c.W3CHttpResponseCodec.decode(W3CHttpResponseCodec.java:133)\r\n\tat org.openqa.selenium.remote.codec.w3c.W3CHttpResponseCodec.decode(W3CHttpResponseCodec.java:52)\r\n\tat org.openqa.selenium.remote.HttpCommandExecutor.execute(HttpCommandExecutor.java:191)\r\n\tat org.openqa.selenium.remote.service.DriverCommandExecutor.invokeExecute(DriverCommandExecutor.java:200)\r\n\tat org.openqa.selenium.remote.service.DriverCommandExecutor.execute(DriverCommandExecutor.java:175)\r\n\tat org.openqa.selenium.remote.RemoteWebDriver.execute(RemoteWebDriver.java:523)\r\n\tat org.openqa.selenium.remote.RemoteWebElement.execute(RemoteWebElement.java:224)\r\n\tat org.openqa.selenium.remote.RemoteWebElement.click(RemoteWebElement.java:77)\r\n\tat main_HRM_anhtester.utils.KeyWork.clickElement(KeyWork.java:173)\r\n\tat test_HRM_anhtester.pages.TheCouncilPage.addNewCouncil(TheCouncilPage.java:32)\r\n\tat test_HRM_anhtester.testcases.TheCouncilTest.addNewProject(TheCouncilTest.java:14)\r\n\tat java.base/jdk.internal.reflect.DirectMethodHandleAccessor.invoke(DirectMethodHandleAccessor.java:103)\r\n\tat java.base/java.lang.reflect.Method.invoke(Method.java:580)\r\n\tat org.testng.internal.MethodInvocationHelper.invokeMethod(MethodInvocationHelper.java:133)\r\n\tat org.testng.internal.TestInvoker.invokeMethod(TestInvoker.java:598)\r\n\tat org.testng.internal.TestInvoker.invokeTestMethod(TestInvoker.java:173)\r\n\tat org.testng.internal.MethodRunner.runInSequence(MethodRunner.java:46)\r\n\tat org.testng.internal.TestInvoker$MethodInvocationAgent.invoke(TestInvoker.java:824)\r\n\tat org.testng.internal.TestInvoker.invokeTestMethods(TestInvoker.java:146)\r\n\tat org.testng.internal.TestMethodWorker.invokeTestMethods(TestMethodWorker.java:146)\r\n\tat org.testng.internal.TestMethodWorker.run(TestMethodWorker.java:128)\r\n\tat java.base/java.util.ArrayList.forEach(ArrayList.java:1596)\r\n\tat org.testng.TestRunner.privateRun(TestRunner.java:794)\r\n\tat org.testng.TestRunner.run(TestRunner.java:596)\r\n\tat org.testng.SuiteRunner.runTest(SuiteRunner.java:377)\r\n\tat org.testng.SuiteRunner.runSequentially(SuiteRunner.java:371)\r\n\tat org.testng.SuiteRunner.privateRun(SuiteRunner.java:332)\r\n\tat org.testng.SuiteRunner.run(SuiteRunner.java:276)\r\n\tat org.testng.SuiteRunnerWorker.runSuite(SuiteRunnerWorker.java:53)\r\n\tat org.testng.SuiteRunnerWorker.run(SuiteRunnerWorker.java:96)\r\n\tat org.testng.TestNG.runSuitesSequentially(TestNG.java:1212)\r\n\tat org.testng.TestNG.runSuitesLocally(TestNG.java:1134)\r\n\tat org.testng.TestNG.runSuites(TestNG.java:1063)\r\n\tat org.testng.TestNG.run(TestNG.java:1031)\r\n\tat com.intellij.rt.testng.IDEARemoteTestNG.run(IDEARemoteTestNG.java:66)\r\n\tat com.intellij.rt.testng.RemoteTestNGStarter.main(RemoteTestNGStarter.java:105)\r\n"},"stage":"finished","steps":[],"attachments":[],"parameters":[{"name":"by","value":"By.xpath: //span[contains(text(),'nhuphan@meu-solutions.com')]"}],"start":1704711162149,"stop":1704711162400}],"attachments":[],"parameters":[],"start":1704711138293,"stop":1704711162696}